2025-07-17 10:48:07 - __main__ - INFO - Environment variables loaded successfully, test env: None
2025-07-17 10:48:07 - core.server - INFO - Starting up FastAPI application...
2025-07-17 10:48:07 - core.server - INFO - Database tables created/verified
2025-07-17 10:48:41 - features.auditor.services - ERROR - Failed to login for auditor, error: 'AuditorService' object has no attribute 'jwt_settings'
2025-07-17 10:48:41 - database - ERROR - Database session error: 500: Internal server error occurred while auditor login
2025-07-17 10:49:54 - core.server - INFO - Shutting down FastAPI application...
2025-07-17 10:49:57 - __main__ - INFO - Environment variables loaded successfully, test env: None
2025-07-17 10:49:57 - core.server - INFO - Starting up FastAPI application...
2025-07-17 10:49:57 - core.server - INFO - Database tables created/verified
2025-07-17 10:50:14 - core.server - INFO - Shutting down FastAPI application...
2025-07-17 10:56:22 - __main__ - INFO - Environment variables loaded successfully, test env: None
2025-07-17 10:56:22 - core.server - INFO - Starting up FastAPI application...
2025-07-17 10:56:22 - core.server - INFO - Database tables created/verified
2025-07-17 10:57:18 - features.manager.services - ERROR - Password not matched
2025-07-17 10:57:18 - database - ERROR - Database session error: 401: Password not matched
2025-07-17 10:57:40 - core.server - INFO - Shutting down FastAPI application...
2025-07-17 11:46:52 - __main__ - INFO - Environment variables loaded successfully, test env: None
2025-07-17 11:46:52 - core.server - INFO - Starting up FastAPI application...
2025-07-17 11:46:52 - core.server - INFO - Database tables created/verified
2025-07-17 11:47:08 - dependecy - ERROR - Token not found in cookies
2025-07-17 11:47:08 - database - ERROR - Database session error: 401: Authentication token is missing
2025-07-17 11:47:45 - features.auditor.router - INFO - mike.wilson@company.com
2025-07-17 11:47:55 - core.server - INFO - Shutting down FastAPI application...
2025-07-17 11:47:58 - __main__ - INFO - Environment variables loaded successfully, test env: None
2025-07-17 11:47:58 - core.server - INFO - Starting up FastAPI application...
2025-07-17 11:47:58 - core.server - INFO - Database tables created/verified
2025-07-17 11:48:35 - core.server - INFO - Shutting down FastAPI application...
2025-07-17 11:48:38 - __main__ - INFO - Environment variables loaded successfully, test env: None
2025-07-17 11:48:38 - core.server - INFO - Starting up FastAPI application...
2025-07-17 11:48:38 - core.server - INFO - Database tables created/verified
2025-07-17 11:48:47 - features.auditor.router - INFO - <class 'models.Auditor'>
2025-07-17 11:49:08 - core.server - INFO - Shutting down FastAPI application...
2025-07-17 11:49:15 - __main__ - INFO - Environment variables loaded successfully, test env: None
2025-07-17 11:49:15 - core.server - INFO - Starting up FastAPI application...
2025-07-17 11:49:15 - core.server - INFO - Database tables created/verified
2025-07-17 11:49:24 - features.auditor.router - INFO - <models.Auditor object at 0x000001E1387779D0>
2025-07-17 11:49:55 - dependecy - ERROR - Token not found in cookies
2025-07-17 11:49:55 - database - ERROR - Database session error: 401: Authentication token is missing
2025-07-17 11:50:27 - features.auditor.services - ERROR - No auditor found with given email
2025-07-17 11:50:27 - database - ERROR - Database session error: 404: No auditor found with given email
2025-07-17 11:50:53 - features.auditor.router - INFO - <models.Manager object at 0x000001E13878AAD0>
2025-07-17 11:52:37 - core.server - INFO - Shutting down FastAPI application...
2025-07-17 11:52:45 - __main__ - INFO - Environment variables loaded successfully, test env: None
2025-07-17 11:52:45 - core.server - INFO - Starting up FastAPI application...
2025-07-17 11:52:45 - core.server - INFO - Database tables created/verified
2025-07-17 11:55:39 - core.server - INFO - Shutting down FastAPI application...
2025-07-17 11:55:44 - __main__ - INFO - Environment variables loaded successfully, test env: None
2025-07-17 11:55:44 - core.server - INFO - Starting up FastAPI application...
2025-07-17 11:55:44 - core.server - INFO - Database tables created/verified
2025-07-17 11:56:04 - features.manager.router - INFO - Sarah Johnson
2025-07-17 11:56:34 - dependecy - ERROR - Token not found in cookies
2025-07-17 11:56:34 - database - ERROR - Database session error: 401: Authentication token is missing
2025-07-17 11:57:49 - dependecy - ERROR - Failed to verify user, error: Signature verification failed.
2025-07-17 11:57:49 - database - ERROR - Database session error: 500: Internal server error
2025-07-17 12:01:03 - core.server - INFO - Shutting down FastAPI application...
2025-07-17 13:25:18 - __main__ - INFO - Environment variables loaded successfully, test env: None
2025-07-17 13:25:18 - core.server - INFO - Starting up FastAPI application...
2025-07-17 13:25:18 - core.server - INFO - Database tables created/verified
2025-07-17 13:25:52 - features.manager.services - ERROR - Failed to login for manager, error: 'Session' object has no attribute 'get_manager'
2025-07-17 13:25:52 - database - ERROR - Database session error: 500: Internal server error occurred while manager login
2025-07-17 13:28:58 - core.server - INFO - Shutting down FastAPI application...
2025-07-17 13:29:00 - __main__ - INFO - Environment variables loaded successfully, test env: None
2025-07-17 13:29:01 - core.server - INFO - Starting up FastAPI application...
2025-07-17 13:29:01 - core.server - INFO - Database tables created/verified
2025-07-17 13:29:36 - features.manager.router - INFO - John Smith
2025-07-17 13:29:59 - features.manager.services - ERROR - No manager found with given email
2025-07-17 13:29:59 - database - ERROR - Database session error: 404: No manager found with given email
2025-07-17 13:30:11 - features.auth.services - ERROR - Invalid user role
2025-07-17 13:30:11 - database - ERROR - Database session error: 500: Invalid user role
2025-07-17 13:30:18 - features.auditor.services - ERROR - Password not matched
2025-07-17 13:30:18 - database - ERROR - Database session error: 401: Password not matched
2025-07-17 13:36:27 - core.server - INFO - Shutting down FastAPI application...
2025-07-17 13:36:43 - __main__ - INFO - Environment variables loaded successfully, test env: None
2025-07-17 13:36:43 - core.server - INFO - Starting up FastAPI application...
2025-07-17 13:36:43 - core.server - INFO - Database tables created/verified
2025-07-17 13:36:54 - core.server - INFO - Shutting down FastAPI application...
2025-07-17 13:38:41 - __main__ - INFO - Environment variables loaded successfully, test env: None
2025-07-17 13:38:41 - core.server - INFO - Starting up FastAPI application...
2025-07-17 13:38:41 - core.server - INFO - Database tables created/verified
2025-07-17 13:38:58 - dependecy - ERROR - Token not found in cookies
2025-07-17 13:38:58 - database - ERROR - Database session error: 401: Authentication token is missing
2025-07-17 13:39:34 - core.server - INFO - Shutting down FastAPI application...
2025-07-17 14:04:04 - __main__ - INFO - Environment variables loaded successfully, test env: None
2025-07-17 14:04:04 - core.server - INFO - Starting up FastAPI application...
2025-07-17 14:04:04 - core.server - INFO - Database tables created/verified
2025-07-17 14:04:16 - dependecy - ERROR - Token not found in cookies
2025-07-17 14:04:16 - database - ERROR - Database session error: 401: Authentication token is missing
2025-07-17 14:23:24 - core.server - INFO - Shutting down FastAPI application...
2025-07-17 14:23:27 - __main__ - INFO - Environment variables loaded successfully, test env: None
2025-07-17 14:23:27 - core.server - INFO - Starting up FastAPI application...
2025-07-17 14:23:27 - core.server - INFO - Database tables created/verified
2025-07-17 14:32:17 - core.server - INFO - Shutting down FastAPI application...
2025-07-17 14:32:20 - __main__ - INFO - Environment variables loaded successfully, test env: None
2025-07-17 14:32:20 - core.server - INFO - Starting up FastAPI application...
2025-07-17 14:32:20 - core.server - INFO - Database tables created/verified
2025-07-17 14:33:05 - dependecy - ERROR - Token not found in cookies
2025-07-17 14:33:05 - database - ERROR - Database session error: 401: Authentication token is missing
2025-07-17 14:33:37 - dependecy - ERROR - Token not found in cookies
2025-07-17 14:33:37 - database - ERROR - Database session error: 401: Authentication token is missing
2025-07-17 14:33:37 - dependecy - ERROR - Token not found in cookies
2025-07-17 14:33:38 - database - ERROR - Database session error: 401: Authentication token is missing
2025-07-17 14:33:59 - core.server - INFO - Shutting down FastAPI application...
2025-07-17 14:34:08 - __main__ - INFO - Environment variables loaded successfully, test env: None
2025-07-17 14:34:08 - core.server - INFO - Starting up FastAPI application...
2025-07-17 14:34:08 - core.server - INFO - Database tables created/verified
2025-07-17 14:36:23 - core.server - INFO - Shutting down FastAPI application...
2025-07-17 14:37:05 - __main__ - INFO - Environment variables loaded successfully, test env: None
2025-07-17 14:37:05 - core.server - INFO - Starting up FastAPI application...
2025-07-17 14:37:05 - core.server - INFO - Database tables created/verified
2025-07-17 14:48:38 - core.server - INFO - Shutting down FastAPI application...
2025-07-17 14:48:44 - __main__ - INFO - Environment variables loaded successfully, test env: None
2025-07-17 14:48:44 - core.server - INFO - Starting up FastAPI application...
2025-07-17 14:48:44 - core.server - INFO - Database tables created/verified
2025-07-17 15:02:51 - core.server - INFO - Shutting down FastAPI application...
2025-07-17 15:04:42 - __main__ - INFO - Environment variables loaded successfully, test env: None
2025-07-17 15:04:43 - core.server - INFO - Starting up FastAPI application...
2025-07-17 15:04:43 - core.server - INFO - Database tables created/verified
2025-07-17 15:29:32 - core.server - INFO - Shutting down FastAPI application...
2025-07-17 15:29:45 - __main__ - INFO - Environment variables loaded successfully, test env: None
2025-07-17 15:29:45 - core.server - INFO - Starting up FastAPI application...
2025-07-17 15:29:45 - core.server - INFO - Database tables created/verified
2025-07-17 15:29:51 - dependecy - ERROR - Token not found in cookies
2025-07-17 15:29:51 - database - ERROR - Database session error: 401: Authentication token is missing
2025-07-17 15:30:13 - features.manager.repository - ERROR - Failed to retrieve all latest flagged audit from database
2025-07-17 15:30:14 - features.manager.services - ERROR - Failed to get audit analysis for manager, error: 4 validation errors for AuditAnalyticsResponse
total_assigned_leads
  Field required [type=missing, input_value={'success': True, 'messag...zed audits for manager'}, input_type=dict]
    For further information visit https://errors.pydantic.dev/2.11/v/missing
total_audited_calls
  Field required [type=missing, input_value={'success': True, 'messag...zed audits for manager'}, input_type=dict]
    For further information visit https://errors.pydantic.dev/2.11/v/missing
flagged_calls
  Field required [type=missing, input_value={'success': True, 'messag...zed audits for manager'}, input_type=dict]
    For further information visit https://errors.pydantic.dev/2.11/v/missing
latest_flagged_audit
  Field required [type=missing, input_value={'success': True, 'messag...zed audits for manager'}, input_type=dict]
    For further information visit https://errors.pydantic.dev/2.11/v/missing
2025-07-17 15:30:14 - database - ERROR - Database session error: 500: Internal server error while getting audit analysis for manager
2025-07-17 15:30:59 - core.server - INFO - Shutting down FastAPI application...
2025-07-17 15:31:39 - __main__ - INFO - Environment variables loaded successfully, test env: None
2025-07-17 15:31:39 - core.server - INFO - Starting up FastAPI application...
2025-07-17 15:31:39 - core.server - INFO - Database tables created/verified
2025-07-17 15:31:47 - features.manager.repository - ERROR - Failed to retrieve all latest flagged audit from database, error: list index out of range
2025-07-17 15:31:47 - features.manager.services - ERROR - Failed to get audit analysis for manager, error: 4 validation errors for AuditAnalyticsResponse
total_assigned_leads
  Field required [type=missing, input_value={'success': True, 'messag...zed audits for manager'}, input_type=dict]
    For further information visit https://errors.pydantic.dev/2.11/v/missing
total_audited_calls
  Field required [type=missing, input_value={'success': True, 'messag...zed audits for manager'}, input_type=dict]
    For further information visit https://errors.pydantic.dev/2.11/v/missing
flagged_calls
  Field required [type=missing, input_value={'success': True, 'messag...zed audits for manager'}, input_type=dict]
    For further information visit https://errors.pydantic.dev/2.11/v/missing
latest_flagged_audit
  Field required [type=missing, input_value={'success': True, 'messag...zed audits for manager'}, input_type=dict]
    For further information visit https://errors.pydantic.dev/2.11/v/missing
2025-07-17 15:31:47 - database - ERROR - Database session error: 500: Internal server error while getting audit analysis for manager
2025-07-17 15:31:59 - core.server - INFO - Shutting down FastAPI application...
2025-07-17 15:32:01 - __main__ - INFO - Environment variables loaded successfully, test env: None
2025-07-17 15:32:01 - core.server - INFO - Starting up FastAPI application...
2025-07-17 15:32:01 - core.server - INFO - Database tables created/verified
2025-07-17 15:32:08 - features.manager.services - ERROR - Failed to get audit analysis for manager, error: 4 validation errors for AuditAnalyticsResponse
total_assigned_leads
  Field required [type=missing, input_value={'success': True, 'messag...zed audits for manager'}, input_type=dict]
    For further information visit https://errors.pydantic.dev/2.11/v/missing
total_audited_calls
  Field required [type=missing, input_value={'success': True, 'messag...zed audits for manager'}, input_type=dict]
    For further information visit https://errors.pydantic.dev/2.11/v/missing
flagged_calls
  Field required [type=missing, input_value={'success': True, 'messag...zed audits for manager'}, input_type=dict]
    For further information visit https://errors.pydantic.dev/2.11/v/missing
latest_flagged_audit
  Field required [type=missing, input_value={'success': True, 'messag...zed audits for manager'}, input_type=dict]
    For further information visit https://errors.pydantic.dev/2.11/v/missing
2025-07-17 15:32:08 - database - ERROR - Database session error: 500: Internal server error while getting audit analysis for manager
2025-07-17 15:34:08 - features.manager.services - ERROR - Failed to get audit analysis for manager, error: 4 validation errors for AuditAnalyticsResponse
total_assigned_leads
  Field required [type=missing, input_value={'success': True, 'messag...zed audits for manager'}, input_type=dict]
    For further information visit https://errors.pydantic.dev/2.11/v/missing
total_audited_calls
  Field required [type=missing, input_value={'success': True, 'messag...zed audits for manager'}, input_type=dict]
    For further information visit https://errors.pydantic.dev/2.11/v/missing
flagged_calls
  Field required [type=missing, input_value={'success': True, 'messag...zed audits for manager'}, input_type=dict]
    For further information visit https://errors.pydantic.dev/2.11/v/missing
latest_flagged_audit
  Field required [type=missing, input_value={'success': True, 'messag...zed audits for manager'}, input_type=dict]
    For further information visit https://errors.pydantic.dev/2.11/v/missing
2025-07-17 15:34:08 - database - ERROR - Database session error: 500: Internal server error while getting audit analysis for manager
2025-07-17 15:34:53 - features.manager.services - ERROR - Failed to get audit analysis for manager, error: 4 validation errors for AuditAnalyticsResponse
total_assigned_leads
  Field required [type=missing, input_value={'success': True, 'messag...zed audits for manager'}, input_type=dict]
    For further information visit https://errors.pydantic.dev/2.11/v/missing
total_audited_calls
  Field required [type=missing, input_value={'success': True, 'messag...zed audits for manager'}, input_type=dict]
    For further information visit https://errors.pydantic.dev/2.11/v/missing
flagged_calls
  Field required [type=missing, input_value={'success': True, 'messag...zed audits for manager'}, input_type=dict]
    For further information visit https://errors.pydantic.dev/2.11/v/missing
latest_flagged_audit
  Field required [type=missing, input_value={'success': True, 'messag...zed audits for manager'}, input_type=dict]
    For further information visit https://errors.pydantic.dev/2.11/v/missing
2025-07-17 15:34:53 - database - ERROR - Database session error: 500: Internal server error while getting audit analysis for manager
2025-07-17 15:35:38 - core.server - INFO - Shutting down FastAPI application...
2025-07-17 15:35:41 - __main__ - INFO - Environment variables loaded successfully, test env: None
2025-07-17 15:35:41 - core.server - INFO - Starting up FastAPI application...
2025-07-17 15:35:41 - core.server - INFO - Database tables created/verified
2025-07-17 15:35:48 - features.manager.services - ERROR - Failed to get audit analysis for manager, error: 4 validation errors for AuditAnalyticsResponse
total_assigned_leads
  Field required [type=missing, input_value={'success': True, 'messag...zed audits for manager'}, input_type=dict]
    For further information visit https://errors.pydantic.dev/2.11/v/missing
total_audited_calls
  Field required [type=missing, input_value={'success': True, 'messag...zed audits for manager'}, input_type=dict]
    For further information visit https://errors.pydantic.dev/2.11/v/missing
flagged_calls
  Field required [type=missing, input_value={'success': True, 'messag...zed audits for manager'}, input_type=dict]
    For further information visit https://errors.pydantic.dev/2.11/v/missing
latest_flagged_audit
  Field required [type=missing, input_value={'success': True, 'messag...zed audits for manager'}, input_type=dict]
    For further information visit https://errors.pydantic.dev/2.11/v/missing
2025-07-17 15:35:48 - database - ERROR - Database session error: 500: Internal server error while getting audit analysis for manager
2025-07-17 15:38:07 - core.server - INFO - Shutting down FastAPI application...
2025-07-17 15:38:11 - __main__ - INFO - Environment variables loaded successfully, test env: None
2025-07-17 15:38:11 - core.server - INFO - Starting up FastAPI application...
2025-07-17 15:38:11 - core.server - INFO - Database tables created/verified
2025-07-17 15:38:36 - features.manager.repository - ERROR - Failed to retrieve all latest flagged audit from database, error: 1 validation error for AuditFlaggedResponse
update_at
  Field required [type=missing, input_value={'id': '88d4f67f-e1d7-4bb...7, 17, 5, 3, 3, 740901)}, input_type=dict]
    For further information visit https://errors.pydantic.dev/2.11/v/missing
2025-07-17 15:38:36 - features.manager.services - ERROR - Failed to get audit analysis for manager, error: 1 validation error for AuditAnalyticsResponse
latest_flagged_audit
  Input should be a valid list [type=list_type, input_value=None, input_type=NoneType]
    For further information visit https://errors.pydantic.dev/2.11/v/list_type
2025-07-17 15:38:36 - database - ERROR - Database session error: 500: Internal server error while getting audit analysis for manager
2025-07-17 15:39:03 - core.server - INFO - Shutting down FastAPI application...
2025-07-17 15:39:05 - __main__ - INFO - Environment variables loaded successfully, test env: None
2025-07-17 15:39:05 - core.server - INFO - Starting up FastAPI application...
2025-07-17 15:39:05 - core.server - INFO - Database tables created/verified
2025-07-17 15:39:19 - features.manager.repository - ERROR - Failed to retrieve all latest flagged audit from database, error: 1 validation error for AuditFlaggedResponse
update_at
  Field required [type=missing, input_value={'id': '88d4f67f-e1d7-4bb...7, 17, 5, 3, 3, 740901)}, input_type=dict]
    For further information visit https://errors.pydantic.dev/2.11/v/missing
2025-07-17 15:39:19 - features.manager.services - ERROR - Failed to get audit analysis for manager, error: 1 validation error for AuditAnalyticsResponse
latest_flagged_audit
  Input should be a valid list [type=list_type, input_value=None, input_type=NoneType]
    For further information visit https://errors.pydantic.dev/2.11/v/list_type
2025-07-17 15:39:19 - database - ERROR - Database session error: 500: Internal server error while getting audit analysis for manager
2025-07-17 15:40:32 - core.server - INFO - Shutting down FastAPI application...
2025-07-17 15:40:34 - __main__ - INFO - Environment variables loaded successfully, test env: None
2025-07-17 15:40:34 - core.server - INFO - Starting up FastAPI application...
2025-07-17 15:40:34 - core.server - INFO - Database tables created/verified
2025-07-17 15:40:56 - dependecy - ERROR - Token not found in cookies
2025-07-17 15:40:56 - database - ERROR - Database session error: 401: Authentication token is missing
2025-07-17 15:42:13 - core.server - INFO - Shutting down FastAPI application...
2025-07-17 15:42:15 - __main__ - INFO - Environment variables loaded successfully, test env: None
2025-07-17 15:42:15 - core.server - INFO - Starting up FastAPI application...
2025-07-17 15:42:15 - core.server - INFO - Database tables created/verified
2025-07-17 15:43:21 - core.server - INFO - Shutting down FastAPI application...
2025-07-17 15:43:23 - __main__ - INFO - Environment variables loaded successfully, test env: None
2025-07-17 15:43:23 - core.server - INFO - Starting up FastAPI application...
2025-07-17 15:43:23 - core.server - INFO - Database tables created/verified
2025-07-17 15:56:17 - core.server - INFO - Shutting down FastAPI application...
2025-07-17 16:53:48 - __main__ - INFO - Environment variables loaded successfully, test env: None
2025-07-17 16:53:48 - core.server - INFO - Starting up FastAPI application...
2025-07-17 16:53:48 - core.server - INFO - Database tables created/verified
2025-07-17 16:54:05 - dependecy - ERROR - Token not found in cookies
2025-07-17 16:54:05 - database - ERROR - Database session error: 401: Authentication token is missing
2025-07-17 16:54:41 - features.manager.repository - INFO - Getting auditor and audited calls count
2025-07-17 17:03:16 - core.server - INFO - Shutting down FastAPI application...
2025-07-17 17:03:20 - __main__ - INFO - Environment variables loaded successfully, test env: None
2025-07-17 17:03:20 - core.server - INFO - Starting up FastAPI application...
2025-07-17 17:03:20 - core.server - INFO - Database tables created/verified
2025-07-17 17:04:13 - features.manager.repository - INFO - Getting auditor and audited calls count
2025-07-17 17:04:13 - features.manager.repository - INFO - Getting auditors
2025-07-17 17:04:32 - core.server - INFO - Shutting down FastAPI application...
2025-07-17 17:04:34 - __main__ - INFO - Environment variables loaded successfully, test env: None
2025-07-17 17:04:34 - core.server - INFO - Starting up FastAPI application...
2025-07-17 17:04:34 - core.server - INFO - Database tables created/verified
2025-07-17 17:04:42 - features.manager.repository - INFO - Getting auditor and audited calls count
2025-07-17 17:04:42 - features.manager.repository - INFO - Getting auditors
2025-07-17 17:06:00 - features.manager.repository - INFO - Getting auditor and audited calls count
2025-07-17 17:06:00 - features.manager.repository - INFO - Getting auditors
2025-07-17 17:12:46 - features.manager.repository - INFO - Getting all leads for manager with id: 54b6066b-f833-4a34-bfd4-f11421af1593
2025-07-17 17:12:46 - features.manager.repository - INFO - Getting all audits for manager with id: 54b6066b-f833-4a34-bfd4-f11421af1593
2025-07-17 17:12:46 - features.manager.repository - INFO - Getting all flagged calls for manager with id: 54b6066b-f833-4a34-bfd4-f11421af1593
2025-07-17 17:12:46 - features.manager.repository - INFO - Getting all latest flagged audits for manager with id: 54b6066b-f833-4a34-bfd4-f11421af1593
2025-07-17 17:12:47 - features.manager.repository - ERROR - Failed to retrieve all latest flagged audit from database, error: 1 validation error for AuditFlaggedResponse
flag_reason
  Input should be a valid string [type=string_type, input_value=None, input_type=NoneType]
    For further information visit https://errors.pydantic.dev/2.11/v/string_type
2025-07-17 17:12:47 - features.manager.services - ERROR - leads/audits/flagged_calls/latest_flagged_audit is None
2025-07-17 17:12:47 - database - ERROR - Database session error: 500: Internal server error while fetching data from database
2025-07-17 17:13:42 - core.server - INFO - Shutting down FastAPI application...
2025-07-17 17:13:43 - __main__ - INFO - Environment variables loaded successfully, test env: None
2025-07-17 17:13:44 - core.server - INFO - Starting up FastAPI application...
2025-07-17 17:13:44 - core.server - INFO - Database tables created/verified
2025-07-17 17:13:51 - features.manager.repository - INFO - Getting all leads for manager with id: 54b6066b-f833-4a34-bfd4-f11421af1593
2025-07-17 17:13:51 - features.manager.repository - INFO - Getting all audits for manager with id: 54b6066b-f833-4a34-bfd4-f11421af1593
2025-07-17 17:13:51 - features.manager.repository - INFO - Getting all flagged calls for manager with id: 54b6066b-f833-4a34-bfd4-f11421af1593
2025-07-17 17:13:52 - features.manager.repository - INFO - Getting all latest flagged audits for manager with id: 54b6066b-f833-4a34-bfd4-f11421af1593
2025-07-17 17:13:52 - features.manager.repository - ERROR - Failed to retrieve all latest flagged audit from database, error: flag
2025-07-17 17:13:52 - features.manager.services - ERROR - leads/audits/flagged_calls/latest_flagged_audit is None
2025-07-17 17:13:52 - database - ERROR - Database session error: 500: Internal server error while fetching data from database
2025-07-17 17:14:11 - core.server - INFO - Shutting down FastAPI application...
2025-07-17 17:14:13 - __main__ - INFO - Environment variables loaded successfully, test env: None
2025-07-17 17:14:13 - core.server - INFO - Starting up FastAPI application...
2025-07-17 17:14:13 - core.server - INFO - Database tables created/verified
2025-07-17 17:14:21 - features.manager.repository - INFO - Getting all leads for manager with id: 54b6066b-f833-4a34-bfd4-f11421af1593
2025-07-17 17:14:22 - features.manager.repository - INFO - Getting all audits for manager with id: 54b6066b-f833-4a34-bfd4-f11421af1593
2025-07-17 17:14:22 - features.manager.repository - INFO - Getting all flagged calls for manager with id: 54b6066b-f833-4a34-bfd4-f11421af1593
2025-07-17 17:14:22 - features.manager.repository - INFO - Getting all latest flagged audits for manager with id: 54b6066b-f833-4a34-bfd4-f11421af1593
2025-07-17 17:14:22 - features.manager.services - ERROR - Failed to get manager analysis for manager, error: name 'AuditAnalyticsResponse' is not defined
2025-07-17 17:14:22 - database - ERROR - Database session error: 500: Internal server error while getting manager analysis for manager
2025-07-17 17:15:19 - __main__ - INFO - Environment variables loaded successfully, test env: None
2025-07-17 17:15:19 - core.server - INFO - Starting up FastAPI application...
2025-07-17 17:15:19 - core.server - INFO - Database tables created/verified
2025-07-17 17:15:27 - features.manager.repository - INFO - Getting all leads for manager with id: 54b6066b-f833-4a34-bfd4-f11421af1593
2025-07-17 17:15:27 - features.manager.repository - INFO - Getting all audits for manager with id: 54b6066b-f833-4a34-bfd4-f11421af1593
2025-07-17 17:15:27 - features.manager.repository - INFO - Getting all flagged calls for manager with id: 54b6066b-f833-4a34-bfd4-f11421af1593
2025-07-17 17:15:28 - features.manager.repository - INFO - Getting all latest flagged audits for manager with id: 54b6066b-f833-4a34-bfd4-f11421af1593
2025-07-17 17:16:02 - features.manager.repository - INFO - Getting auditor and audited calls count
2025-07-17 17:16:02 - features.manager.repository - INFO - Getting auditors
2025-07-17 17:16:29 - core.server - INFO - Shutting down FastAPI application...
2025-07-17 17:26:39 - __main__ - INFO - Environment variables loaded successfully, test env: None
2025-07-17 17:26:39 - core.server - INFO - Starting up FastAPI application...
2025-07-17 17:26:39 - core.server - INFO - Database tables created/verified
2025-07-17 17:26:50 - features.manager.repository - INFO - Getting all leads for manager with id: 54b6066b-f833-4a34-bfd4-f11421af1593
2025-07-17 17:26:50 - features.manager.repository - INFO - Getting all audits for manager with id: 54b6066b-f833-4a34-bfd4-f11421af1593
2025-07-17 17:26:51 - features.manager.repository - INFO - Getting all flagged calls for manager with id: 54b6066b-f833-4a34-bfd4-f11421af1593
2025-07-17 17:26:51 - features.manager.repository - INFO - Getting all latest flagged audits for manager with id: 54b6066b-f833-4a34-bfd4-f11421af1593
2025-07-17 17:30:15 - core.server - INFO - Shutting down FastAPI application...
2025-07-17 18:10:23 - __main__ - INFO - Environment variables loaded successfully, test env: None
2025-07-17 18:10:23 - core.server - INFO - Starting up FastAPI application...
2025-07-17 18:10:23 - core.server - INFO - Database tables created/verified
2025-07-17 18:11:03 - dependecy - ERROR - Token not found in cookies
2025-07-17 18:11:03 - database - ERROR - Database session error: 401: Authentication token is missing
2025-07-17 19:39:13 - __main__ - INFO - Environment variables loaded successfully, test env: None
2025-07-17 19:39:13 - core.server - INFO - Starting up FastAPI application...
2025-07-17 19:39:13 - core.server - INFO - Database tables created/verified
2025-07-17 20:08:01 - features.manager.repository - INFO - Getting counsellor data...
2025-07-17 20:08:01 - features.manager.repository - INFO - Getting counsellors...
2025-07-17 20:08:01 - features.manager.services - ERROR - counsellor_data or counsellors is none
2025-07-17 20:08:01 - database - ERROR - Database session error: 500: Internal sever error occurred while fetching counsellor data
2025-07-17 20:09:53 - core.server - INFO - Shutting down FastAPI application...
2025-07-17 20:09:57 - __main__ - INFO - Environment variables loaded successfully, test env: None
2025-07-17 20:09:57 - core.server - INFO - Starting up FastAPI application...
2025-07-17 20:09:57 - core.server - INFO - Database tables created/verified
2025-07-17 20:10:04 - features.manager.repository - INFO - Getting counsellor data...
2025-07-17 20:10:04 - features.manager.repository - INFO - Getting counsellors...
2025-07-17 21:19:36 - core.server - INFO - Shutting down FastAPI application...
2025-07-17 21:20:10 - __main__ - INFO - Environment variables loaded successfully, test env: None
2025-07-17 21:20:10 - core.server - INFO - Starting up FastAPI application...
2025-07-17 21:20:10 - core.server - INFO - Database tables created/verified
2025-07-17 21:20:20 - dependecy - ERROR - Token not found in cookies
2025-07-17 21:20:20 - database - ERROR - Database session error: 401: Authentication token is missing
2025-07-17 21:21:31 - features.manager.repository - INFO - Getting all leads for manager with id: 2ace8eeb-9eba-45f5-9c59-bc2f3e27ad27
2025-07-17 21:21:32 - features.manager.repository - INFO - Getting all audits for manager with id: 2ace8eeb-9eba-45f5-9c59-bc2f3e27ad27
2025-07-17 21:21:32 - features.manager.repository - INFO - Getting all flagged calls for manager with id: 2ace8eeb-9eba-45f5-9c59-bc2f3e27ad27
2025-07-17 21:21:32 - features.manager.repository - INFO - Getting all latest flagged audits for manager with id: 2ace8eeb-9eba-45f5-9c59-bc2f3e27ad27
2025-07-17 21:21:33 - features.manager.repository - INFO - Getting auditor and audited calls count
2025-07-17 21:24:35 - core.server - INFO - Shutting down FastAPI application...
2025-07-17 21:24:39 - __main__ - INFO - Environment variables loaded successfully, test env: None
2025-07-17 21:24:39 - core.server - INFO - Starting up FastAPI application...
2025-07-17 21:24:39 - core.server - INFO - Database tables created/verified
2025-07-17 21:24:47 - features.manager.repository - INFO - Getting all leads for manager with id: 2ace8eeb-9eba-45f5-9c59-bc2f3e27ad27
2025-07-17 21:24:48 - features.manager.repository - INFO - Getting all audits for manager with id: 2ace8eeb-9eba-45f5-9c59-bc2f3e27ad27
2025-07-17 21:24:48 - features.manager.repository - INFO - Getting all flagged calls for manager with id: 2ace8eeb-9eba-45f5-9c59-bc2f3e27ad27
2025-07-17 21:24:48 - features.manager.repository - INFO - Getting all latest flagged audits for manager with id: 2ace8eeb-9eba-45f5-9c59-bc2f3e27ad27
2025-07-17 21:24:48 - features.manager.repository - INFO - Getting auditor and audited calls count
2025-07-17 21:26:41 - core.server - INFO - Shutting down FastAPI application...
2025-07-17 21:26:48 - __main__ - INFO - Environment variables loaded successfully, test env: None
2025-07-17 21:26:49 - core.server - INFO - Starting up FastAPI application...
2025-07-17 21:26:49 - core.server - INFO - Database tables created/verified
2025-07-17 21:27:04 - features.manager.repository - INFO - Getting all leads for manager with id: 2ace8eeb-9eba-45f5-9c59-bc2f3e27ad27
2025-07-17 21:27:04 - features.manager.repository - INFO - Getting all audits for manager with id: 2ace8eeb-9eba-45f5-9c59-bc2f3e27ad27
2025-07-17 21:27:04 - features.manager.repository - INFO - Getting all flagged calls for manager with id: 2ace8eeb-9eba-45f5-9c59-bc2f3e27ad27
2025-07-17 21:27:04 - features.manager.repository - INFO - Getting all latest flagged audits for manager with id: 2ace8eeb-9eba-45f5-9c59-bc2f3e27ad27
2025-07-17 21:27:05 - features.manager.repository - INFO - Getting auditor and audited calls count
2025-07-17 21:27:05 - features.manager.services - ERROR - leads/audits/flagged_calls/latest_flagged_audit is None
2025-07-17 21:27:05 - database - ERROR - Database session error: 500: Internal server error while fetching data from database
2025-07-17 21:27:53 - core.server - INFO - Shutting down FastAPI application...
2025-07-17 21:27:54 - __main__ - INFO - Environment variables loaded successfully, test env: None
2025-07-17 21:27:54 - core.server - INFO - Starting up FastAPI application...
2025-07-17 21:27:54 - core.server - INFO - Database tables created/verified
2025-07-17 21:28:19 - features.manager.repository - INFO - Getting all leads for manager with id: 2ace8eeb-9eba-45f5-9c59-bc2f3e27ad27
2025-07-17 21:28:19 - features.manager.repository - INFO - Getting all audits for manager with id: 2ace8eeb-9eba-45f5-9c59-bc2f3e27ad27
2025-07-17 21:28:19 - features.manager.repository - INFO - Getting all flagged calls for manager with id: 2ace8eeb-9eba-45f5-9c59-bc2f3e27ad27
2025-07-17 21:28:19 - features.manager.repository - INFO - Getting all latest flagged audits for manager with id: 2ace8eeb-9eba-45f5-9c59-bc2f3e27ad27
2025-07-17 21:28:20 - features.manager.repository - INFO - Getting last 7 days data
2025-07-17 21:29:00 - core.server - INFO - Shutting down FastAPI application...
2025-07-17 21:29:02 - __main__ - INFO - Environment variables loaded successfully, test env: None
2025-07-17 21:29:02 - core.server - INFO - Starting up FastAPI application...
2025-07-17 21:29:02 - core.server - INFO - Database tables created/verified
2025-07-17 21:29:23 - features.manager.repository - INFO - Getting all leads for manager with id: 2ace8eeb-9eba-45f5-9c59-bc2f3e27ad27
2025-07-17 21:29:23 - features.manager.repository - INFO - Getting all audits for manager with id: 2ace8eeb-9eba-45f5-9c59-bc2f3e27ad27
2025-07-17 21:29:23 - features.manager.repository - INFO - Getting all flagged calls for manager with id: 2ace8eeb-9eba-45f5-9c59-bc2f3e27ad27
2025-07-17 21:29:23 - features.manager.repository - INFO - Getting all latest flagged audits for manager with id: 2ace8eeb-9eba-45f5-9c59-bc2f3e27ad27
2025-07-17 21:29:24 - features.manager.repository - INFO - Getting last 7 days audited data data
2025-07-17 21:33:22 - features.manager.repository - INFO - Getting all leads for manager with id: 2ace8eeb-9eba-45f5-9c59-bc2f3e27ad27
2025-07-17 21:33:22 - features.manager.repository - INFO - Getting all audits for manager with id: 2ace8eeb-9eba-45f5-9c59-bc2f3e27ad27
2025-07-17 21:33:22 - features.manager.repository - INFO - Getting all flagged calls for manager with id: 2ace8eeb-9eba-45f5-9c59-bc2f3e27ad27
2025-07-17 21:33:22 - features.manager.repository - INFO - Getting all latest flagged audits for manager with id: 2ace8eeb-9eba-45f5-9c59-bc2f3e27ad27
2025-07-17 21:33:23 - features.manager.repository - INFO - Getting last 7 days audited data data
2025-07-17 21:33:34 - core.server - INFO - Shutting down FastAPI application...
2025-07-17 22:21:23 - __main__ - INFO - Environment variables loaded successfully, test env: None
2025-07-17 22:21:23 - core.server - INFO - Starting up FastAPI application...
2025-07-17 22:21:23 - core.server - INFO - Database tables created/verified
2025-07-17 22:22:59 - features.auditor.services - ERROR - No auditor found with given email
2025-07-17 22:22:59 - database - ERROR - Database session error: 404: No auditor found with given email
2025-07-17 22:23:27 - features.auditor.repository - ERROR - Failed to fetch calls from database, error: 1 validation error for CallResponse
sentiment_score
  Input should be a valid integer, got a number with a fractional part [type=int_from_float, input_value=-0.75, input_type=float]
    For further information visit https://errors.pydantic.dev/2.11/v/int_from_float
2025-07-17 22:23:27 - features.auditor.services - ERROR - Failed to get calls for auditor, error: 1 validation error for CallsResponseSchema
calls
  Input should be a valid list [type=list_type, input_value=None, input_type=NoneType]
    For further information visit https://errors.pydantic.dev/2.11/v/list_type
2025-07-17 22:23:27 - database - ERROR - Database session error: 500: Internal server error occurred while fetching calls
2025-07-17 22:23:56 - core.server - INFO - Shutting down FastAPI application...
2025-07-17 22:24:17 - __main__ - INFO - Environment variables loaded successfully, test env: None
2025-07-17 22:24:17 - core.server - INFO - Starting up FastAPI application...
2025-07-17 22:24:17 - core.server - INFO - Database tables created/verified
2025-07-17 22:25:45 - core.server - INFO - Shutting down FastAPI application...
2025-07-17 22:25:48 - __main__ - INFO - Environment variables loaded successfully, test env: None
2025-07-17 22:25:48 - core.server - INFO - Starting up FastAPI application...
2025-07-17 22:25:48 - core.server - INFO - Database tables created/verified
2025-07-17 22:26:11 - core.server - INFO - Shutting down FastAPI application...
2025-07-17 22:26:13 - __main__ - INFO - Environment variables loaded successfully, test env: None
2025-07-17 22:26:13 - core.server - INFO - Starting up FastAPI application...
2025-07-17 22:26:13 - core.server - INFO - Database tables created/verified
2025-07-17 22:35:17 - core.server - INFO - Shutting down FastAPI application...
2025-07-17 22:35:20 - __main__ - INFO - Environment variables loaded successfully, test env: None
2025-07-17 22:35:20 - core.server - INFO - Starting up FastAPI application...
2025-07-17 22:35:20 - core.server - INFO - Database tables created/verified
2025-07-17 22:35:34 - features.auditor.repository - ERROR - Failed to fetch stats from database, error: Neither 'count' object nor 'Comparator' object has an attribute 'fitler'
2025-07-17 22:35:34 - features.auditor.services - ERROR - Failed to get calls for auditor, error: 1 validation error for CallsResponseSchema
call_stats
  Input should be a valid dictionary or instance of CallStats [type=model_type, input_value=None, input_type=NoneType]
    For further information visit https://errors.pydantic.dev/2.11/v/model_type
2025-07-17 22:35:34 - database - ERROR - Database session error: 500: Internal server error occurred while fetching calls
2025-07-17 22:35:50 - core.server - INFO - Shutting down FastAPI application...
2025-07-17 22:35:52 - __main__ - INFO - Environment variables loaded successfully, test env: None
2025-07-17 22:35:52 - core.server - INFO - Starting up FastAPI application...
2025-07-17 22:35:52 - core.server - INFO - Database tables created/verified
2025-07-17 22:39:09 - core.server - INFO - Shutting down FastAPI application...
2025-07-17 22:41:32 - __main__ - INFO - Environment variables loaded successfully, test env: None
2025-07-17 22:41:32 - core.server - INFO - Starting up FastAPI application...
2025-07-17 22:41:32 - core.server - INFO - Database tables created/verified
2025-07-17 22:57:26 - core.server - INFO - Shutting down FastAPI application...
2025-07-17 22:57:34 - __main__ - INFO - Environment variables loaded successfully, test env: None
2025-07-17 22:57:34 - core.server - INFO - Starting up FastAPI application...
2025-07-17 22:57:34 - core.server - INFO - Database tables created/verified
2025-07-17 22:57:44 - dependecy - ERROR - Token not found in cookies
2025-07-17 22:57:44 - database - ERROR - Database session error: 401: Authentication token is missing
2025-07-17 23:23:08 - core.server - INFO - Shutting down FastAPI application...
2025-07-17 23:23:12 - __main__ - INFO - Environment variables loaded successfully, test env: None
2025-07-17 23:23:12 - core.server - INFO - Starting up FastAPI application...
2025-07-17 23:23:12 - core.server - INFO - Database tables created/verified
2025-07-17 23:25:27 - dependecy - ERROR - Token not found in cookies
2025-07-17 23:25:27 - database - ERROR - Database session error: 401: Authentication token is missing
2025-07-17 23:57:01 - core.server - INFO - Shutting down FastAPI application...
2025-07-17 23:57:04 - __main__ - INFO - Environment variables loaded successfully, test env: None
2025-07-17 23:57:04 - core.server - INFO - Starting up FastAPI application...
2025-07-17 23:57:04 - core.server - INFO - Database tables created/verified
2025-07-18 00:02:09 - core.server - INFO - Shutting down FastAPI application...
2025-07-18 00:02:11 - __main__ - INFO - Environment variables loaded successfully, test env: None
2025-07-18 00:02:11 - core.server - INFO - Starting up FastAPI application...
2025-07-18 00:02:11 - core.server - INFO - Database tables created/verified
2025-07-18 00:02:27 - features.auditor.services - ERROR - call stats or latest_calls not last_7_days_data is None
2025-07-18 00:02:27 - database - ERROR - Database session error: 500: Internal server error occurred while fetching dashboard data
2025-07-18 00:03:36 - core.server - INFO - Shutting down FastAPI application...
2025-07-18 00:03:38 - __main__ - INFO - Environment variables loaded successfully, test env: None
2025-07-18 00:03:38 - core.server - INFO - Starting up FastAPI application...
2025-07-18 00:03:38 - core.server - INFO - Database tables created/verified
2025-07-18 00:04:09 - core.server - INFO - Shutting down FastAPI application...
2025-07-18 00:05:40 - __main__ - INFO - Environment variables loaded successfully, test env: None
2025-07-18 00:05:40 - core.server - INFO - Starting up FastAPI application...
2025-07-18 00:05:40 - core.server - INFO - Database tables created/verified
2025-07-18 00:08:43 - features.manager.services - ERROR - Current user is not manager
2025-07-18 00:08:43 - database - ERROR - Database session error: 403: Current user is not authorized as manager
2025-07-18 00:09:10 - core.server - INFO - Shutting down FastAPI application...
2025-07-18 00:09:16 - __main__ - INFO - Environment variables loaded successfully, test env: None
2025-07-18 00:09:16 - core.server - INFO - Starting up FastAPI application...
2025-07-18 00:09:16 - core.server - INFO - Database tables created/verified
2025-07-18 00:10:05 - core.server - INFO - Shutting down FastAPI application...
2025-07-18 00:10:06 - __main__ - INFO - Environment variables loaded successfully, test env: None
2025-07-18 00:10:06 - core.server - INFO - Starting up FastAPI application...
2025-07-18 00:10:06 - core.server - INFO - Database tables created/verified
2025-07-18 00:10:15 - core.server - INFO - Shutting down FastAPI application...
2025-07-18 00:10:16 - __main__ - INFO - Environment variables loaded successfully, test env: None
2025-07-18 00:10:17 - core.server - INFO - Starting up FastAPI application...
2025-07-18 00:10:17 - core.server - INFO - Database tables created/verified
2025-07-18 00:11:03 - core.server - INFO - Shutting down FastAPI application...
2025-07-18 00:11:05 - __main__ - INFO - Environment variables loaded successfully, test env: None
2025-07-18 00:11:05 - core.server - INFO - Starting up FastAPI application...
2025-07-18 00:11:05 - core.server - INFO - Database tables created/verified
2025-07-18 00:13:10 - core.server - INFO - Shutting down FastAPI application...
2025-07-18 00:13:12 - __main__ - INFO - Environment variables loaded successfully, test env: None
2025-07-18 00:13:12 - core.server - INFO - Starting up FastAPI application...
2025-07-18 00:13:12 - core.server - INFO - Database tables created/verified
2025-07-18 00:13:55 - features.manager.repository - INFO - Getting all leads for manager with id: 54b6066b-f833-4a34-bfd4-f11421af1593
2025-07-18 00:13:56 - features.manager.repository - INFO - Getting all audits for manager with id: 54b6066b-f833-4a34-bfd4-f11421af1593
2025-07-18 00:13:57 - features.manager.repository - INFO - Getting all flagged calls for manager with id: 54b6066b-f833-4a34-bfd4-f11421af1593
2025-07-18 00:13:57 - features.manager.repository - INFO - Getting all latest flagged audits for manager with id: 54b6066b-f833-4a34-bfd4-f11421af1593
2025-07-18 00:13:57 - features.manager.repository - INFO - Getting last 7 days audited data
2025-07-18 00:14:30 - features.manager.repository - INFO - Getting all leads for manager with id: 2ace8eeb-9eba-45f5-9c59-bc2f3e27ad27
2025-07-18 00:14:30 - features.manager.repository - INFO - Getting all audits for manager with id: 2ace8eeb-9eba-45f5-9c59-bc2f3e27ad27
2025-07-18 00:14:30 - features.manager.repository - INFO - Getting all flagged calls for manager with id: 2ace8eeb-9eba-45f5-9c59-bc2f3e27ad27
2025-07-18 00:14:30 - features.manager.repository - INFO - Getting all latest flagged audits for manager with id: 2ace8eeb-9eba-45f5-9c59-bc2f3e27ad27
2025-07-18 00:14:31 - features.manager.repository - INFO - Getting last 7 days audited data
2025-07-18 00:14:52 - core.server - INFO - Shutting down FastAPI application...
2025-07-18 00:23:08 - __main__ - INFO - Environment variables loaded successfully, test env: None
2025-07-18 00:23:08 - core.server - INFO - Starting up FastAPI application...
2025-07-18 00:23:08 - core.server - INFO - Database tables created/verified
2025-07-18 00:24:27 - core.server - INFO - Shutting down FastAPI application...
2025-07-18 01:00:41 - __main__ - INFO - Environment variables loaded successfully, test env: None
2025-07-18 01:00:42 - core.server - INFO - Starting up FastAPI application...
2025-07-18 01:00:42 - core.server - INFO - Database tables created/verified
2025-07-18 01:07:35 - core.server - INFO - Shutting down FastAPI application...
2025-07-18 01:07:39 - __main__ - INFO - Environment variables loaded successfully, test env: None
2025-07-18 01:07:39 - core.server - INFO - Starting up FastAPI application...
2025-07-18 01:07:39 - core.server - INFO - Database tables created/verified
2025-07-18 01:08:10 - features.auditor.services - INFO - Approve lead api called
2025-07-18 01:08:10 - features.auditor.repository - ERROR - Call not found for the given auditor.
2025-07-18 01:08:10 - features.auditor.repository - ERROR - Failed to approve lead and update db, error: 404: Call not found for the given auditor.
2025-07-18 01:08:10 - database - ERROR - Database session error: 500: Internal server error occurred while approving lead.
2025-07-18 01:09:35 - features.auditor.services - INFO - Approve lead api called
2025-07-18 01:09:36 - features.auditor.repository - ERROR - Audit report not found creating new one.
2025-07-18 01:09:36 - features.auditor.repository - ERROR - Failed to approve lead and update db, error: 'NoneType' object has no attribute 'comments'
2025-07-18 01:09:36 - database - ERROR - Database session error: 500: Internal server error occurred while approving lead.
2025-07-18 01:10:55 - core.server - INFO - Shutting down FastAPI application...
2025-07-18 01:10:59 - __main__ - INFO - Environment variables loaded successfully, test env: None
2025-07-18 01:10:59 - core.server - INFO - Starting up FastAPI application...
2025-07-18 01:10:59 - core.server - INFO - Database tables created/verified
2025-07-18 01:11:34 - features.auditor.services - INFO - Approve lead api called
2025-07-18 01:11:35 - features.auditor.repository - ERROR - Audit report not found creating new one.
2025-07-18 01:11:36 - features.auditor.repository - INFO - Database update succesfull
2025-07-18 01:17:34 - core.server - INFO - Shutting down FastAPI application...
2025-07-18 01:17:38 - __main__ - INFO - Environment variables loaded successfully, test env: None
2025-07-18 01:17:38 - core.server - INFO - Starting up FastAPI application...
2025-07-18 01:17:38 - core.server - INFO - Database tables created/verified
2025-07-18 01:17:57 - database - ERROR - Database session error: 401: Unauthorised access, user is not auditor or manager.
2025-07-18 01:18:38 - features.manager.services - ERROR - No manager found with given email
2025-07-18 01:18:38 - database - ERROR - Database session error: 404: No manager found with given email
2025-07-18 01:18:44 - database - ERROR - Database session error: 401: Unauthorised access, user is not auditor or manager.
2025-07-18 01:19:03 - core.server - INFO - Shutting down FastAPI application...
2025-07-18 01:19:06 - __main__ - INFO - Environment variables loaded successfully, test env: None
2025-07-18 01:19:06 - core.server - INFO - Starting up FastAPI application...
2025-07-18 01:19:06 - core.server - INFO - Database tables created/verified
2025-07-18 01:20:00 - core.server - INFO - Shutting down FastAPI application...
2025-07-18 12:16:27 - __main__ - INFO - Environment variables loaded successfully, test env: None
2025-07-18 12:16:28 - core.server - INFO - Starting up FastAPI application...
2025-07-18 12:16:28 - core.server - INFO - Database tables created/verified
2025-07-18 12:17:11 - features.manager.services - INFO - API endpoint called for getting flagged audits
2025-07-18 12:17:11 - features.manager.repository - INFO - Getting all latest flagged audits for manager with id: 2ace8eeb-9eba-45f5-9c59-bc2f3e27ad27
2025-07-18 14:19:45 - core.server - INFO - Shutting down FastAPI application...
2025-07-18 14:29:17 - __main__ - INFO - Environment variables loaded successfully, test env: None
2025-07-18 14:29:18 - core.server - INFO - Starting up FastAPI application...
2025-07-18 14:29:18 - core.server - INFO - Database tables created/verified
2025-07-18 14:39:03 - __main__ - INFO - Environment variables loaded successfully, test env: None
2025-07-18 14:39:03 - core.server - INFO - Starting up FastAPI application...
2025-07-18 14:39:03 - core.server - INFO - Database tables created/verified
2025-07-18 14:44:00 - features.manager.repository - INFO - Getting all leads for manager with id: 54b6066b-f833-4a34-bfd4-f11421af1593
2025-07-18 14:44:00 - features.manager.repository - INFO - Getting all audits for manager with id: 54b6066b-f833-4a34-bfd4-f11421af1593
2025-07-18 14:44:01 - features.manager.repository - INFO - Getting all flagged calls for manager with id: 54b6066b-f833-4a34-bfd4-f11421af1593
2025-07-18 14:44:01 - features.manager.repository - INFO - Getting all latest flagged audits for manager with id: 54b6066b-f833-4a34-bfd4-f11421af1593
2025-07-18 14:44:01 - features.manager.repository - INFO - Getting last 7 days audited data
2025-07-18 14:50:08 - features.manager.repository - INFO - Getting all leads for manager with id: 54b6066b-f833-4a34-bfd4-f11421af1593
2025-07-18 14:50:08 - features.manager.repository - INFO - Getting all audits for manager with id: 54b6066b-f833-4a34-bfd4-f11421af1593
2025-07-18 14:50:08 - features.manager.repository - INFO - Getting all flagged calls for manager with id: 54b6066b-f833-4a34-bfd4-f11421af1593
2025-07-18 14:50:09 - features.manager.repository - INFO - Getting all latest flagged audits for manager with id: 54b6066b-f833-4a34-bfd4-f11421af1593
2025-07-18 14:50:09 - features.manager.repository - INFO - Getting last 7 days audited data
2025-07-18 14:51:38 - features.manager.repository - INFO - Getting all leads for manager with id: 2ace8eeb-9eba-45f5-9c59-bc2f3e27ad27
2025-07-18 14:51:38 - features.manager.repository - INFO - Getting all audits for manager with id: 2ace8eeb-9eba-45f5-9c59-bc2f3e27ad27
2025-07-18 14:51:39 - features.manager.repository - INFO - Getting all flagged calls for manager with id: 2ace8eeb-9eba-45f5-9c59-bc2f3e27ad27
2025-07-18 14:51:39 - features.manager.repository - INFO - Getting all latest flagged audits for manager with id: 2ace8eeb-9eba-45f5-9c59-bc2f3e27ad27
2025-07-18 14:51:39 - features.manager.repository - INFO - Getting last 7 days audited data
2025-07-24 17:44:46 - __main__ - INFO - Environment variables loaded successfully, test env: Succesfully loaded
2025-07-24 17:44:46 - core.server - INFO - Starting up FastAPI application...
2025-07-24 17:44:46 - core.save_to_s3 - INFO - S3 client initialise succcesfully
2025-07-24 17:44:46 - core.server - INFO - S3 client initialized and stored in app.state
2025-07-24 17:59:16 - core.server - INFO - Shutting down FastAPI application...
